  [1m[36m (1.7ms)[0m  [1mCREATE TABLE "schema_migrations" ("version" varchar NOT NULL) [0m
  [1m[35m (0.1ms)[0m  select sqlite_version(*)
  [1m[36m (1.6ms)[0m  [1mCREATE UNIQUE INDEX "unique_schema_migrations" ON "schema_migrations" ("version")[0m
  [1m[35mActiveRecord::SchemaMigration Load (0.1ms)[0m  SELECT "schema_migrations".* FROM "schema_migrations"


Started GET "/" for ::1 at 2015-11-17 17:47:54 -0600
Processing by Rails::WelcomeController#index as HTML
  Rendered /Users/admin/.rvm/gems/ruby-2.1.2/gems/railties-4.2.3/lib/rails/templates/rails/welcome/index.html.erb (2.8ms)
Completed 200 OK in 27ms (Views: 19.4ms | ActiveRecord: 0.0ms)
  [1m[36mActiveRecord::SchemaMigration Load (0.1ms)[0m  [1mSELECT "schema_migrations".* FROM "schema_migrations"[0m
Migrating to CreateStudents (1)
  [1m[35m (0.1ms)[0m  begin transaction
  [1m[36m (0.4ms)[0m  [1mCREATE TABLE "students" ("id" INTEGER PRIMARY KEY AUTOINCREMENT NOT NULL, "first_name" varchar, "last_name" varchar, "created_at" datetime NOT NULL, "updated_at" datetime NOT NULL) [0m
  [1m[35mSQL (0.3ms)[0m  INSERT INTO "schema_migrations" ("version") VALUES (?)  [["version", "1"]]
  [1m[36m (1.4ms)[0m  [1mcommit transaction[0m
  [1m[35mActiveRecord::SchemaMigration Load (0.1ms)[0m  SELECT "schema_migrations".* FROM "schema_migrations"
  [1m[36m (0.1ms)[0m  [1mbegin transaction[0m
  [1m[35mSQL (0.3ms)[0m  INSERT INTO "students" ("first_name", "last_name", "created_at", "updated_at") VALUES (?, ?, ?, ?)  [["first_name", "Jordan"], ["last_name", "Hudgens"], ["created_at", "2015-11-18 00:10:55.545365"], ["updated_at", "2015-11-18 00:10:55.545365"]]
  [1m[36m (2.9ms)[0m  [1mcommit transaction[0m
  [1m[35mStudent Load (0.2ms)[0m  SELECT  "students".* FROM "students"  ORDER BY "students"."id" DESC LIMIT 1
  [1m[36m (0.1ms)[0m  [1mbegin transaction[0m
  [1m[35mSQL (0.3ms)[0m  INSERT INTO "students" ("created_at", "updated_at") VALUES (?, ?)  [["created_at", "2015-11-18 00:17:49.095449"], ["updated_at", "2015-11-18 00:17:49.095449"]]
  [1m[36m (1.2ms)[0m  [1mcommit transaction[0m
  [1m[35mStudent Load (0.2ms)[0m  SELECT  "students".* FROM "students"  ORDER BY "students"."id" DESC LIMIT 1
  [1m[36mActiveRecord::SchemaMigration Load (0.1ms)[0m  [1mSELECT "schema_migrations".* FROM "schema_migrations"[0m
  [1m[35mActiveRecord::SchemaMigration Load (0.1ms)[0m  SELECT "schema_migrations".* FROM "schema_migrations"


Started GET "/" for ::1 at 2015-11-18 13:36:42 -0600
  [1m[36mActiveRecord::SchemaMigration Load (0.1ms)[0m  [1mSELECT "schema_migrations".* FROM "schema_migrations"[0m
Processing by Rails::WelcomeController#index as HTML
  Rendered /Users/admin/.rvm/gems/ruby-2.1.2/gems/railties-4.2.3/lib/rails/templates/rails/welcome/index.html.erb (2.4ms)
Completed 200 OK in 39ms (Views: 24.5ms | ActiveRecord: 0.0ms)


Started GET "/" for ::1 at 2015-11-18 13:37:10 -0600
Processing by Rails::WelcomeController#index as HTML
  Rendered /Users/admin/.rvm/gems/ruby-2.1.2/gems/railties-4.2.3/lib/rails/templates/rails/welcome/index.html.erb (0.0ms)
Completed 200 OK in 1ms (Views: 0.7ms | ActiveRecord: 0.0ms)
  [1m[36mActiveRecord::SchemaMigration Load (0.5ms)[0m  [1mSELECT "schema_migrations".* FROM "schema_migrations"[0m
  [1m[35mActiveRecord::SchemaMigration Load (0.1ms)[0m  SELECT "schema_migrations".* FROM "schema_migrations"
  [1m[36mStudent Load (0.4ms)[0m  [1mSELECT  "students".* FROM "students"  ORDER BY "students"."id" DESC LIMIT 1[0m
  [1m[35mStudent Load (0.2ms)[0m  SELECT  "students".* FROM "students"  ORDER BY "students"."id" DESC LIMIT 1
  [1m[36m (0.1ms)[0m  [1mbegin transaction[0m
  [1m[35mSQL (0.6ms)[0m  DELETE FROM "students" WHERE "students"."id" = ?  [["id", 2]]
  [1m[36m (1.6ms)[0m  [1mcommit transaction[0m
  [1m[35mStudent Load (0.2ms)[0m  SELECT "students".* FROM "students"
  [1m[35m (1.7ms)[0m  [1m[35mCREATE TABLE "ar_internal_metadata" ("key" varchar NOT NULL PRIMARY KEY, "value" varchar, "created_at" datetime NOT NULL, "updated_at" datetime NOT NULL)[0m
  [1m[36mActiveRecord::SchemaMigration Load (0.1ms)[0m  [1m[34mSELECT "schema_migrations".* FROM "schema_migrations"[0m
  [1m[36mActiveRecord::SchemaMigration Load (0.0ms)[0m  [1m[34mSELECT "schema_migrations".* FROM "schema_migrations"[0m
Migrating to CreateSchoolClasses (2)
  [1m[35m (0.0ms)[0m  [1m[36mbegin transaction[0m
DEPRECATION WARNING: Directly inheriting from ActiveRecord::Migration is deprecated. Please specify the Rails release the migration was written for:

  class CreateSchoolClasses < ActiveRecord::Migration[4.2] (called from block in execute at /Users/varvara.babkova/.rvm/rubies/ruby-2.6.1/lib/ruby/gems/2.6.0/gems/rake-12.3.2/lib/rake/task.rb:273)
  [1m[35m (0.2ms)[0m  [1m[35mCREATE TABLE "school_classes" ("id" INTEGER PRIMARY KEY AUTOINCREMENT NOT NULL, "title" varchar, "room_number" varchar, "created_at" datetime NOT NULL, "updated_at" datetime NOT NULL)[0m
  [1m[35mSQL (0.1ms)[0m  [1m[32mINSERT INTO "schema_migrations" ("version") VALUES (?)[0m  [["version", "2"]]
  [1m[35m (1.0ms)[0m  [1m[36mcommit transaction[0m
  [1m[36mActiveRecord::InternalMetadata Load (0.1ms)[0m  [1m[34mSELECT  "ar_internal_metadata".* FROM "ar_internal_metadata" WHERE "ar_internal_metadata"."key" = ? LIMIT ?[0m  [["key", "environment"], ["LIMIT", 1]]
  [1m[35m (0.0ms)[0m  [1m[36mbegin transaction[0m
  [1m[35mSQL (0.2ms)[0m  [1m[32mINSERT INTO "ar_internal_metadata" ("key", "value", "created_at", "updated_at") VALUES (?, ?, ?, ?)[0m  [["key", "environment"], ["value", "development"], ["created_at", "2019-07-22 00:13:07.282077"], ["updated_at", "2019-07-22 00:13:07.282077"]]
  [1m[35m (0.5ms)[0m  [1m[36mcommit transaction[0m
  [1m[36mActiveRecord::SchemaMigration Load (0.0ms)[0m  [1m[34mSELECT "schema_migrations".* FROM "schema_migrations"[0m
  [1m[36mActiveRecord::SchemaMigration Load (0.0ms)[0m  [1m[34mSELECT "schema_migrations".* FROM "schema_migrations"[0m
  [1m[35m (0.0ms)[0m  [1m[36mbegin transaction[0m
  [1m[35mSQL (0.2ms)[0m  [1m[32mINSERT INTO "students" ("first_name", "last_name", "created_at", "updated_at") VALUES (?, ?, ?, ?)[0m  [["first_name", "Bill"], ["last_name", "Smith"], ["created_at", "2019-07-22 00:13:11.045600"], ["updated_at", "2019-07-22 00:13:11.045600"]]
  [1m[35m (1.5ms)[0m  [1m[36mcommit transaction[0m
  [1m[35m (0.0ms)[0m  [1m[36mbegin transaction[0m
  [1m[35mSQL (0.3ms)[0m  [1m[32mINSERT INTO "school_classes" ("title", "room_number", "created_at", "updated_at") VALUES (?, ?, ?, ?)[0m  [["title", "Computer Science"], ["room_number", "5"], ["created_at", "2019-07-22 00:13:11.053345"], ["updated_at", "2019-07-22 00:13:11.053345"]]
  [1m[35m (0.5ms)[0m  [1m[36mcommit transaction[0m
  [1m[35m (0.0ms)[0m  [1m[36mbegin transaction[0m
  [1m[35mSQL (0.2ms)[0m  [1m[32mINSERT INTO "students" ("first_name", "last_name", "created_at", "updated_at") VALUES (?, ?, ?, ?)[0m  [["first_name", "Daenerys"], ["last_name", "Targaryen"], ["created_at", "2019-07-22 00:13:11.055082"], ["updated_at", "2019-07-22 00:13:11.055082"]]
  [1m[35m (0.5ms)[0m  [1m[36mcommit transaction[0m
  [1m[36mStudent Load (1.0ms)[0m  [1m[34mSELECT "students".* FROM "students"[0m
  [1m[36mSchoolClass Load (0.2ms)[0m  [1m[34mSELECT "school_classes".* FROM "school_classes"[0m
Started GET "/school_classes" for ::1 at 2019-07-21 19:36:40 -0500
  [1m[36mActiveRecord::SchemaMigration Load (0.1ms)[0m  [1m[34mSELECT "schema_migrations".* FROM "schema_migrations"[0m
Processing by SchoolClassesController#index as HTML
  Rendering school_classes/index.html.erb within layouts/application
  [1m[36mSchoolClass Load (0.1ms)[0m  [1m[34mSELECT "school_classes".* FROM "school_classes"[0m
  Rendered school_classes/index.html.erb within layouts/application (217.5ms)
Completed 200 OK in 230ms (Views: 222.9ms | ActiveRecord: 0.3ms)


Started GET "/school_classes/1" for ::1 at 2019-07-21 19:36:42 -0500
Processing by SchoolClassesController#show as HTML
  Parameters: {"id"=>"1"}
  [1m[36mSchoolClass Load (0.2ms)[0m  [1m[34mSELECT  "school_classes".* FROM "school_classes" WHERE "school_classes"."id" = ? LIMIT ?[0m  [["id", 1], ["LIMIT", 1]]
  Rendering school_classes/show.html.erb within layouts/application
  Rendered school_classes/show.html.erb within layouts/application (19.3ms)
Completed 200 OK in 30ms (Views: 25.3ms | ActiveRecord: 0.2ms)


Started GET "/school_classes" for ::1 at 2019-07-21 19:36:46 -0500
Processing by SchoolClassesController#index as HTML
  Rendering school_classes/index.html.erb within layouts/application
  [1m[36mSchoolClass Load (0.1ms)[0m  [1m[34mSELECT "school_classes".* FROM "school_classes"[0m
  Rendered school_classes/index.html.erb within layouts/application (19.5ms)
Completed 200 OK in 29ms (Views: 28.3ms | ActiveRecord: 0.1ms)


Started GET "/school_classes" for ::1 at 2019-07-21 19:36:46 -0500
Processing by SchoolClassesController#index as HTML
  Rendering school_classes/index.html.erb within layouts/application
  [1m[36mSchoolClass Load (0.1ms)[0m  [1m[34mSELECT "school_classes".* FROM "school_classes"[0m
  Rendered school_classes/index.html.erb within layouts/application (23.8ms)
Completed 200 OK in 28ms (Views: 26.9ms | ActiveRecord: 0.1ms)


Started GET "/school_classes/new" for ::1 at 2019-07-21 19:48:55 -0500
Processing by SchoolClassesController#new as HTML
  Rendering school_classes/new.html.erb within layouts/application
  Rendered school_classes/new.html.erb within layouts/application (11.0ms)
Completed 200 OK in 31ms (Views: 26.5ms | ActiveRecord: 0.5ms)


Started POST "/school_classes" for ::1 at 2019-07-21 19:49:05 -0500
Processing by SchoolClassesController#create as HTML
  Parameters: {"utf8"=>"✓", "authenticity_token"=>"5eKn9FVvMW6LXPT/fHUaliLd6yFYE3nIkuZJ2SPVaiZZcmx4EUVGZ4K8gh+8oTUnxos2SVEep7rdlfuMtzHanQ==", "school_class"=>{"title"=>"Rails", "room_number"=>"25"}, "commit"=>"Create School class"}
No template found for SchoolClassesController#create, rendering head :no_content
Completed 204 No Content in 14ms (ActiveRecord: 0.0ms)


Started GET "/school_classes" for ::1 at 2019-07-21 19:49:16 -0500
Processing by SchoolClassesController#index as HTML
  Rendering school_classes/index.html.erb within layouts/application
  [1m[36mSchoolClass Load (1.2ms)[0m  [1m[34mSELECT "school_classes".* FROM "school_classes"[0m
  Rendered school_classes/index.html.erb within layouts/application (19.4ms)
Completed 200 OK in 29ms (Views: 27.2ms | ActiveRecord: 1.2ms)


Started GET "/school_classes/new" for ::1 at 2019-07-21 19:51:14 -0500
Processing by SchoolClassesController#new as HTML
  Rendering school_classes/new.html.erb within layouts/application
  Rendered school_classes/new.html.erb within layouts/application (1.7ms)
Completed 200 OK in 21ms (Views: 9.2ms | ActiveRecord: 0.5ms)


Started POST "/school_classes" for ::1 at 2019-07-21 19:51:19 -0500
Processing by SchoolClassesController#create as HTML
  Parameters: {"utf8"=>"✓", "authenticity_token"=>"DGvw/RPDqkihmKeEWu5ErNFJAywpXNStQp5U7nm/9Mqw+ztxV+ndQah40WSaOmsdNR/eRCBRCt8N7ea77VtEcQ==", "school_class"=>{"title"=>"Rails", "room_number"=>"25"}, "commit"=>"Create School class"}
Completed 500 Internal Server Error in 1ms (ActiveRecord: 0.0ms)


  
ActiveModel::ForbiddenAttributesError (ActiveModel::ForbiddenAttributesError):
  
app/controllers/school_classes_controller.rb:8:in `create'
  Rendering /Users/varvara.babkova/.rvm/gems/ruby-2.6.1/gems/actionpack-5.0.7.1/lib/action_dispatch/middleware/templates/rescues/diagnostics.html.erb within rescues/layout
  Rendering /Users/varvara.babkova/.rvm/gems/ruby-2.6.1/gems/actionpack-5.0.7.1/lib/action_dispatch/middleware/templates/rescues/_source.html.erb
  Rendered /Users/varvara.babkova/.rvm/gems/ruby-2.6.1/gems/actionpack-5.0.7.1/lib/action_dispatch/middleware/templates/rescues/_source.html.erb (1.6ms)
  Rendering /Users/varvara.babkova/.rvm/gems/ruby-2.6.1/gems/actionpack-5.0.7.1/lib/action_dispatch/middleware/templates/rescues/_trace.html.erb
  Rendered /Users/varvara.babkova/.rvm/gems/ruby-2.6.1/gems/actionpack-5.0.7.1/lib/action_dispatch/middleware/templates/rescues/_trace.html.erb (0.8ms)
  Rendering /Users/varvara.babkova/.rvm/gems/ruby-2.6.1/gems/actionpack-5.0.7.1/lib/action_dispatch/middleware/templates/rescues/_request_and_response.html.erb
  Rendered /Users/varvara.babkova/.rvm/gems/ruby-2.6.1/gems/actionpack-5.0.7.1/lib/action_dispatch/middleware/templates/rescues/_request_and_response.html.erb (0.6ms)
  Rendered /Users/varvara.babkova/.rvm/gems/ruby-2.6.1/gems/actionpack-5.0.7.1/lib/action_dispatch/middleware/templates/rescues/diagnostics.html.erb within rescues/layout (14.8ms)
Started GET "/school_classes" for ::1 at 2019-07-21 19:53:55 -0500
Processing by SchoolClassesController#index as HTML
  Rendering school_classes/index.html.erb within layouts/application
  [1m[36mSchoolClass Load (0.3ms)[0m  [1m[34mSELECT "school_classes".* FROM "school_classes"[0m
  Rendered school_classes/index.html.erb within layouts/application (10.5ms)
Completed 200 OK in 15ms (Views: 13.2ms | ActiveRecord: 0.6ms)


Started GET "/school_classes/1" for ::1 at 2019-07-21 19:53:57 -0500
Processing by SchoolClassesController#show as HTML
  Parameters: {"id"=>"1"}
  [1m[36mSchoolClass Load (0.1ms)[0m  [1m[34mSELECT  "school_classes".* FROM "school_classes" WHERE "school_classes"."id" = ? LIMIT ?[0m  [["id", 1], ["LIMIT", 1]]
  Rendering school_classes/show.html.erb within layouts/application
  Rendered school_classes/show.html.erb within layouts/application (5.6ms)
Completed 200 OK in 10ms (Views: 8.4ms | ActiveRecord: 0.1ms)


Started GET "/school_classes/new" for ::1 at 2019-07-21 19:54:02 -0500
Processing by SchoolClassesController#new as HTML
  Rendering school_classes/new.html.erb within layouts/application
  Rendered school_classes/new.html.erb within layouts/application (1.5ms)
Completed 200 OK in 9ms (Views: 8.1ms | ActiveRecord: 0.0ms)


Started POST "/school_classes" for ::1 at 2019-07-21 19:54:07 -0500
Processing by SchoolClassesController#create as HTML
  Parameters: {"utf8"=>"✓", "authenticity_token"=>"kIfTHqiWpZdjcDp7tMJnly7WNLQOjt2y+hbqL4/AaaMsFxiS7LzSnmqQTJt0FkgmyoDp3AeDA8C1ZVh6GyTZGA==", "school_class"=>{"title"=>"Rails", "room_number"=>"25"}, "commit"=>"Create School class"}
  [1m[35m (0.0ms)[0m  [1m[36mbegin transaction[0m
  [1m[35mSQL (0.4ms)[0m  [1m[32mINSERT INTO "school_classes" ("title", "room_number", "created_at", "updated_at") VALUES (?, ?, ?, ?)[0m  [["title", "Rails"], ["room_number", "25"], ["created_at", "2019-07-22 00:54:07.492324"], ["updated_at", "2019-07-22 00:54:07.492324"]]
  [1m[35m (0.6ms)[0m  [1m[36mcommit transaction[0m
Redirected to http://localhost:3000/school_classes/2
Completed 302 Found in 3ms (ActiveRecord: 1.0ms)


Started GET "/school_classes/2" for ::1 at 2019-07-21 19:54:07 -0500
Processing by SchoolClassesController#show as HTML
  Parameters: {"id"=>"2"}
  [1m[36mSchoolClass Load (0.1ms)[0m  [1m[34mSELECT  "school_classes".* FROM "school_classes" WHERE "school_classes"."id" = ? LIMIT ?[0m  [["id", 2], ["LIMIT", 1]]
  Rendering school_classes/show.html.erb within layouts/application
  Rendered school_classes/show.html.erb within layouts/application (6.9ms)
Completed 200 OK in 11ms (Views: 10.0ms | ActiveRecord: 0.1ms)


Started GET "/school_classes/" for ::1 at 2019-07-21 19:54:12 -0500
Processing by SchoolClassesController#index as HTML
  Rendering school_classes/index.html.erb within layouts/application
  [1m[36mSchoolClass Load (0.1ms)[0m  [1m[34mSELECT "school_classes".* FROM "school_classes"[0m
  Rendered school_classes/index.html.erb within layouts/application (7.1ms)
Completed 200 OK in 11ms (Views: 10.3ms | ActiveRecord: 0.1ms)


Started GET "/school_classes/" for ::1 at 2019-07-21 19:54:25 -0500
Processing by SchoolClassesController#index as HTML
  Rendering school_classes/index.html.erb within layouts/application
  [1m[36mSchoolClass Load (0.1ms)[0m  [1m[34mSELECT "school_classes".* FROM "school_classes"[0m
  Rendered school_classes/index.html.erb within layouts/application (7.2ms)
Completed 200 OK in 11ms (Views: 10.5ms | ActiveRecord: 0.1ms)


Started GET "/school_classes/new" for ::1 at 2019-07-21 19:56:58 -0500
Processing by SchoolClassesController#new as HTML
  Rendering school_classes/new.html.erb within layouts/application
  Rendered school_classes/new.html.erb within layouts/application (1.5ms)
Completed 200 OK in 13ms (Views: 8.0ms | ActiveRecord: 0.5ms)


Started POST "/school_classes" for ::1 at 2019-07-21 19:57:04 -0500
Processing by SchoolClassesController#create as HTML
  Parameters: {"utf8"=>"✓", "authenticity_token"=>"aWA9sHM2bC/WgTldpsXbexmHaAJAkgSHrY+HJmKnsp3V8PY8NxwbJt9hT71mEfTK/dG1akmf2vXi/DVz9kMCJg==", "school_class"=>{"title"=>"Ruby", "room_number"=>"20"}, "commit"=>"Create School class"}
  [1m[35m (0.0ms)[0m  [1m[36mbegin transaction[0m
  [1m[35mSQL (0.3ms)[0m  [1m[32mINSERT INTO "school_classes" ("title", "room_number", "created_at", "updated_at") VALUES (?, ?, ?, ?)[0m  [["title", "Ruby"], ["room_number", "20"], ["created_at", "2019-07-22 00:57:04.584533"], ["updated_at", "2019-07-22 00:57:04.584533"]]
  [1m[35m (0.6ms)[0m  [1m[36mcommit transaction[0m
Redirected to http://localhost:3000/school_classes/3
Completed 302 Found in 3ms (ActiveRecord: 0.9ms)


Started GET "/school_classes/3" for ::1 at 2019-07-21 19:57:04 -0500
Processing by SchoolClassesController#show as HTML
  Parameters: {"id"=>"3"}
  [1m[36mSchoolClass Load (0.2ms)[0m  [1m[34mSELECT  "school_classes".* FROM "school_classes" WHERE "school_classes"."id" = ? LIMIT ?[0m  [["id", 3], ["LIMIT", 1]]
  Rendering school_classes/show.html.erb within layouts/application
  Rendered school_classes/show.html.erb within layouts/application (6.7ms)
Completed 200 OK in 11ms (Views: 9.9ms | ActiveRecord: 0.2ms)


Started GET "/school_classes/" for ::1 at 2019-07-21 19:57:07 -0500
Processing by SchoolClassesController#index as HTML
  Rendering school_classes/index.html.erb within layouts/application
  [1m[36mSchoolClass Load (0.1ms)[0m  [1m[34mSELECT "school_classes".* FROM "school_classes"[0m
  Rendered school_classes/index.html.erb within layouts/application (6.7ms)
Completed 200 OK in 28ms (Views: 9.7ms | ActiveRecord: 0.1ms)


Started GET "/school_classes/3" for ::1 at 2019-07-21 19:57:09 -0500
Processing by SchoolClassesController#show as HTML
  Parameters: {"id"=>"3"}
  [1m[36mSchoolClass Load (0.2ms)[0m  [1m[34mSELECT  "school_classes".* FROM "school_classes" WHERE "school_classes"."id" = ? LIMIT ?[0m  [["id", 3], ["LIMIT", 1]]
  Rendering school_classes/show.html.erb within layouts/application
  Rendered school_classes/show.html.erb within layouts/application (6.6ms)
Completed 200 OK in 12ms (Views: 11.1ms | ActiveRecord: 0.2ms)


Started GET "/school_classes/" for ::1 at 2019-07-21 19:57:10 -0500
Processing by SchoolClassesController#index as HTML
  Rendering school_classes/index.html.erb within layouts/application
  [1m[36mSchoolClass Load (0.1ms)[0m  [1m[34mSELECT "school_classes".* FROM "school_classes"[0m
  Rendered school_classes/index.html.erb within layouts/application (7.7ms)
Completed 200 OK in 11ms (Views: 10.6ms | ActiveRecord: 0.1ms)


Started GET "/school_classes/" for ::1 at 2019-07-21 19:57:10 -0500
Processing by SchoolClassesController#index as HTML
  Rendering school_classes/index.html.erb within layouts/application
  [1m[36mSchoolClass Load (0.1ms)[0m  [1m[34mSELECT "school_classes".* FROM "school_classes"[0m
  Rendered school_classes/index.html.erb within layouts/application (6.1ms)
Completed 200 OK in 9ms (Views: 8.7ms | ActiveRecord: 0.1ms)


Started GET "/students" for ::1 at 2019-07-21 20:01:25 -0500
Processing by StudentsController#index as HTML
  Rendering students/index.html.erb within layouts/application
  Rendered students/index.html.erb within layouts/application (7.3ms)
Completed 500 Internal Server Error in 11ms (ActiveRecord: 0.0ms)


  
ActionView::Template::Error (undefined method `each' for nil:NilClass):
     8: </head>
     9: <body>
    10: 
    11: <% @student.each do |s| %>
    12: 	<%= link_to s.to_s, student_path(s) %><br>
    13: <%end%>
    14: 
  
app/views/students/index.html.erb:11:in `_app_views_students_index_html_erb___3929700474758316743_70189722923880'
  Rendering /Users/varvara.babkova/.rvm/gems/ruby-2.6.1/gems/actionpack-5.0.7.1/lib/action_dispatch/middleware/templates/rescues/template_error.html.erb within rescues/layout
  Rendering /Users/varvara.babkova/.rvm/gems/ruby-2.6.1/gems/actionpack-5.0.7.1/lib/action_dispatch/middleware/templates/rescues/_source.html.erb
  Rendered /Users/varvara.babkova/.rvm/gems/ruby-2.6.1/gems/actionpack-5.0.7.1/lib/action_dispatch/middleware/templates/rescues/_source.html.erb (2.1ms)
  Rendering /Users/varvara.babkova/.rvm/gems/ruby-2.6.1/gems/actionpack-5.0.7.1/lib/action_dispatch/middleware/templates/rescues/_trace.html.erb
  Rendered /Users/varvara.babkova/.rvm/gems/ruby-2.6.1/gems/actionpack-5.0.7.1/lib/action_dispatch/middleware/templates/rescues/_trace.html.erb (0.9ms)
  Rendering /Users/varvara.babkova/.rvm/gems/ruby-2.6.1/gems/actionpack-5.0.7.1/lib/action_dispatch/middleware/templates/rescues/_request_and_response.html.erb
  Rendered /Users/varvara.babkova/.rvm/gems/ruby-2.6.1/gems/actionpack-5.0.7.1/lib/action_dispatch/middleware/templates/rescues/_request_and_response.html.erb (0.4ms)
  Rendered /Users/varvara.babkova/.rvm/gems/ruby-2.6.1/gems/actionpack-5.0.7.1/lib/action_dispatch/middleware/templates/rescues/template_error.html.erb within rescues/layout (11.4ms)
Started GET "/students" for ::1 at 2019-07-21 20:02:29 -0500
Processing by StudentsController#index as HTML
  Rendering students/index.html.erb within layouts/application
  [1m[36mStudent Load (0.2ms)[0m  [1m[34mSELECT "students".* FROM "students"[0m
  Rendered students/index.html.erb within layouts/application (9.6ms)
Completed 200 OK in 14ms (Views: 12.3ms | ActiveRecord: 0.5ms)


Started GET "/students/4" for ::1 at 2019-07-21 20:02:31 -0500
Processing by StudentsController#show as HTML
  Parameters: {"id"=>"4"}
  Rendering students/show.html.erb within layouts/application
  Rendered students/show.html.erb within layouts/application (6.1ms)
Completed 200 OK in 10ms (Views: 9.2ms | ActiveRecord: 0.0ms)


Started GET "/students" for ::1 at 2019-07-21 20:02:32 -0500
Processing by StudentsController#index as HTML
  Rendering students/index.html.erb within layouts/application
  [1m[36mStudent Load (0.1ms)[0m  [1m[34mSELECT "students".* FROM "students"[0m
  Rendered students/index.html.erb within layouts/application (27.4ms)
Completed 200 OK in 31ms (Views: 30.5ms | ActiveRecord: 0.1ms)


Started GET "/students" for ::1 at 2019-07-21 20:02:32 -0500
Processing by StudentsController#index as HTML
  Rendering students/index.html.erb within layouts/application
  [1m[36mStudent Load (0.1ms)[0m  [1m[34mSELECT "students".* FROM "students"[0m
  Rendered students/index.html.erb within layouts/application (7.1ms)
Completed 200 OK in 11ms (Views: 10.3ms | ActiveRecord: 0.1ms)


Started GET "/students/1" for ::1 at 2019-07-21 20:02:54 -0500
Processing by StudentsController#show as HTML
  Parameters: {"id"=>"1"}
  Rendering students/show.html.erb within layouts/application
  Rendered students/show.html.erb within layouts/application (6.1ms)
Completed 200 OK in 10ms (Views: 9.3ms | ActiveRecord: 0.0ms)


Started GET "/students" for ::1 at 2019-07-21 20:02:55 -0500
Processing by StudentsController#index as HTML
  Rendering students/index.html.erb within layouts/application
  [1m[36mStudent Load (0.1ms)[0m  [1m[34mSELECT "students".* FROM "students"[0m
  Rendered students/index.html.erb within layouts/application (7.3ms)
Completed 200 OK in 11ms (Views: 10.5ms | ActiveRecord: 0.1ms)


Started GET "/students" for ::1 at 2019-07-21 20:02:55 -0500
Processing by StudentsController#index as HTML
  Rendering students/index.html.erb within layouts/application
  [1m[36mStudent Load (0.1ms)[0m  [1m[34mSELECT "students".* FROM "students"[0m
  Rendered students/index.html.erb within layouts/application (7.2ms)
Completed 200 OK in 11ms (Views: 10.2ms | ActiveRecord: 0.1ms)


Started GET "/students" for ::1 at 2019-07-21 20:02:55 -0500
Processing by StudentsController#index as HTML
  Rendering students/index.html.erb within layouts/application
  [1m[36mStudent Load (0.1ms)[0m  [1m[34mSELECT "students".* FROM "students"[0m
  Rendered students/index.html.erb within layouts/application (6.6ms)
Completed 200 OK in 10ms (Views: 9.2ms | ActiveRecord: 0.1ms)


Started GET "/students" for ::1 at 2019-07-21 20:02:55 -0500
Processing by StudentsController#index as HTML
  Rendering students/index.html.erb within layouts/application
  [1m[36mStudent Load (0.1ms)[0m  [1m[34mSELECT "students".* FROM "students"[0m
  Rendered students/index.html.erb within layouts/application (6.4ms)
Completed 200 OK in 10ms (Views: 9.3ms | ActiveRecord: 0.1ms)


Started GET "/students/3" for ::1 at 2019-07-21 20:02:56 -0500
Processing by StudentsController#show as HTML
  Parameters: {"id"=>"3"}
  Rendering students/show.html.erb within layouts/application
  Rendered students/show.html.erb within layouts/application (7.3ms)
Completed 200 OK in 11ms (Views: 10.6ms | ActiveRecord: 0.0ms)


Started GET "/students" for ::1 at 2019-07-21 20:02:57 -0500
Processing by StudentsController#index as HTML
  Rendering students/index.html.erb within layouts/application
  [1m[36mStudent Load (0.2ms)[0m  [1m[34mSELECT "students".* FROM "students"[0m
  Rendered students/index.html.erb within layouts/application (9.1ms)
Completed 200 OK in 14ms (Views: 12.7ms | ActiveRecord: 0.2ms)


Started GET "/students" for ::1 at 2019-07-21 20:02:57 -0500
Processing by StudentsController#index as HTML
  Rendering students/index.html.erb within layouts/application
  [1m[36mStudent Load (0.1ms)[0m  [1m[34mSELECT "students".* FROM "students"[0m
  Rendered students/index.html.erb within layouts/application (9.4ms)
Completed 200 OK in 13ms (Views: 12.4ms | ActiveRecord: 0.1ms)


Started GET "/students" for ::1 at 2019-07-21 20:02:57 -0500
Processing by StudentsController#index as HTML
  Rendering students/index.html.erb within layouts/application
  [1m[36mStudent Load (0.1ms)[0m  [1m[34mSELECT "students".* FROM "students"[0m
  Rendered students/index.html.erb within layouts/application (9.0ms)
Completed 200 OK in 13ms (Views: 12.2ms | ActiveRecord: 0.1ms)


Started GET "/students" for ::1 at 2019-07-21 20:02:57 -0500
Processing by StudentsController#index as HTML
  Rendering students/index.html.erb within layouts/application
  [1m[36mStudent Load (0.2ms)[0m  [1m[34mSELECT "students".* FROM "students"[0m
  Rendered students/index.html.erb within layouts/application (8.6ms)
Completed 200 OK in 13ms (Views: 11.7ms | ActiveRecord: 0.2ms)


Started GET "/students" for ::1 at 2019-07-21 20:02:57 -0500
Processing by StudentsController#index as HTML
  Rendering students/index.html.erb within layouts/application
  [1m[36mStudent Load (0.1ms)[0m  [1m[34mSELECT "students".* FROM "students"[0m
  Rendered students/index.html.erb within layouts/application (9.3ms)
Completed 200 OK in 14ms (Views: 12.7ms | ActiveRecord: 0.1ms)


Started GET "/students" for ::1 at 2019-07-21 20:02:57 -0500
Processing by StudentsController#index as HTML
  Rendering students/index.html.erb within layouts/application
  [1m[36mStudent Load (0.1ms)[0m  [1m[34mSELECT "students".* FROM "students"[0m
  Rendered students/index.html.erb within layouts/application (8.9ms)
Completed 200 OK in 13ms (Views: 12.3ms | ActiveRecord: 0.1ms)


Started GET "/students" for ::1 at 2019-07-21 20:02:58 -0500
Processing by StudentsController#index as HTML
  Rendering students/index.html.erb within layouts/application
  [1m[36mStudent Load (0.1ms)[0m  [1m[34mSELECT "students".* FROM "students"[0m
  Rendered students/index.html.erb within layouts/application (8.5ms)
Completed 200 OK in 13ms (Views: 11.6ms | ActiveRecord: 0.1ms)


Started GET "/students" for ::1 at 2019-07-21 20:02:58 -0500
Processing by StudentsController#index as HTML
  Rendering students/index.html.erb within layouts/application
  [1m[36mStudent Load (0.1ms)[0m  [1m[34mSELECT "students".* FROM "students"[0m
  Rendered students/index.html.erb within layouts/application (23.3ms)
Completed 200 OK in 28ms (Views: 27.2ms | ActiveRecord: 0.1ms)


Started GET "/students" for ::1 at 2019-07-21 20:04:05 -0500
Processing by StudentsController#index as HTML
  Rendering students/index.html.erb within layouts/application
  [1m[36mStudent Load (0.1ms)[0m  [1m[34mSELECT "students".* FROM "students"[0m
  Rendered students/index.html.erb within layouts/application (7.3ms)
Completed 200 OK in 12ms (Views: 10.7ms | ActiveRecord: 0.1ms)


Started GET "/students/4" for ::1 at 2019-07-21 20:04:06 -0500
Processing by StudentsController#show as HTML
  Parameters: {"id"=>"4"}
  Rendering students/show.html.erb within layouts/application
  Rendered students/show.html.erb within layouts/application (6.9ms)
Completed 200 OK in 11ms (Views: 10.1ms | ActiveRecord: 0.0ms)


Started GET "/students" for ::1 at 2019-07-21 20:04:08 -0500
Processing by StudentsController#index as HTML
  Rendering students/index.html.erb within layouts/application
  [1m[36mStudent Load (0.1ms)[0m  [1m[34mSELECT "students".* FROM "students"[0m
  Rendered students/index.html.erb within layouts/application (8.2ms)
Completed 200 OK in 12ms (Views: 11.2ms | ActiveRecord: 0.1ms)


Started GET "/students" for ::1 at 2019-07-21 20:04:08 -0500
Processing by StudentsController#index as HTML
  Rendering students/index.html.erb within layouts/application
  [1m[36mStudent Load (0.1ms)[0m  [1m[34mSELECT "students".* FROM "students"[0m
  Rendered students/index.html.erb within layouts/application (7.9ms)
Completed 200 OK in 12ms (Views: 11.1ms | ActiveRecord: 0.1ms)


Started GET "/students/new" for ::1 at 2019-07-21 20:04:12 -0500
Processing by StudentsController#new as HTML
  Rendering students/new.html.erb within layouts/application
  Rendered students/new.html.erb within layouts/application (1.7ms)
Completed 200 OK in 9ms (Views: 8.6ms | ActiveRecord: 0.0ms)


Started POST "/students" for ::1 at 2019-07-21 20:04:19 -0500
Processing by StudentsController#create as HTML
  Parameters: {"utf8"=>"✓", "authenticity_token"=>"RxV8FkBP0rfI9X+hPcLpqpWGU2H43UFNNmug7NL+1j77hbeaBGWlvsEVCUH9FsYbcdCOCfHQnz95GBK5RhpmhQ==", "student"=>{"first_name"=>"Varvara", "last_name"=>"Babkova"}, "commit"=>"Create Student"}
No template found for StudentsController#create, rendering head :no_content
Completed 204 No Content in 14ms (ActiveRecord: 0.0ms)


Started GET "/students" for ::1 at 2019-07-21 20:04:26 -0500
Processing by StudentsController#index as HTML
  Rendering students/index.html.erb within layouts/application
  [1m[36mStudent Load (0.1ms)[0m  [1m[34mSELECT "students".* FROM "students"[0m
  Rendered students/index.html.erb within layouts/application (6.6ms)
Completed 200 OK in 10ms (Views: 9.5ms | ActiveRecord: 0.1ms)


Started GET "/students/4" for ::1 at 2019-07-21 20:06:01 -0500
Processing by StudentsController#show as HTML
  Parameters: {"id"=>"4"}
  Rendering students/show.html.erb within layouts/application
  Rendered students/show.html.erb within layouts/application (6.3ms)
Completed 200 OK in 10ms (Views: 9.2ms | ActiveRecord: 0.0ms)


Started GET "/students" for ::1 at 2019-07-21 20:06:03 -0500
Processing by StudentsController#index as HTML
  Rendering students/index.html.erb within layouts/application
  [1m[36mStudent Load (0.2ms)[0m  [1m[34mSELECT "students".* FROM "students"[0m
  Rendered students/index.html.erb within layouts/application (10.6ms)
Completed 200 OK in 16ms (Views: 13.5ms | ActiveRecord: 0.6ms)


Started GET "/students" for ::1 at 2019-07-21 20:06:03 -0500
Processing by StudentsController#index as HTML
  Rendering students/index.html.erb within layouts/application
  [1m[36mStudent Load (0.1ms)[0m  [1m[34mSELECT "students".* FROM "students"[0m
  Rendered students/index.html.erb within layouts/application (6.5ms)
Completed 200 OK in 10ms (Views: 9.1ms | ActiveRecord: 0.1ms)


Started GET "/students/3" for ::1 at 2019-07-21 20:06:28 -0500
Processing by StudentsController#show as HTML
  Parameters: {"id"=>"3"}
  Rendering students/show.html.erb within layouts/application
  Rendered students/show.html.erb within layouts/application (6.4ms)
Completed 200 OK in 10ms (Views: 9.7ms | ActiveRecord: 0.0ms)


Started GET "/students" for ::1 at 2019-07-21 20:07:03 -0500
Processing by StudentsController#index as HTML
  Rendering students/index.html.erb within layouts/application
  [1m[36mStudent Load (0.2ms)[0m  [1m[34mSELECT "students".* FROM "students"[0m
  Rendered students/index.html.erb within layouts/application (10.1ms)
Completed 200 OK in 15ms (Views: 12.9ms | ActiveRecord: 0.5ms)


Started GET "/students/4" for ::1 at 2019-07-21 20:07:06 -0500
Processing by StudentsController#show as HTML
  Parameters: {"id"=>"4"}
Completed 500 Internal Server Error in 1ms (ActiveRecord: 0.0ms)


  
NoMethodError (undefined method `pry' for #<Binding:0x00007faca400ae58>
Did you mean?  try):
  
app/controllers/students_controller.rb:17:in `show'
  Rendering /Users/varvara.babkova/.rvm/gems/ruby-2.6.1/gems/actionpack-5.0.7.1/lib/action_dispatch/middleware/templates/rescues/diagnostics.html.erb within rescues/layout
  Rendering /Users/varvara.babkova/.rvm/gems/ruby-2.6.1/gems/actionpack-5.0.7.1/lib/action_dispatch/middleware/templates/rescues/_source.html.erb
  Rendered /Users/varvara.babkova/.rvm/gems/ruby-2.6.1/gems/actionpack-5.0.7.1/lib/action_dispatch/middleware/templates/rescues/_source.html.erb (1.4ms)
  Rendering /Users/varvara.babkova/.rvm/gems/ruby-2.6.1/gems/actionpack-5.0.7.1/lib/action_dispatch/middleware/templates/rescues/_trace.html.erb
  Rendered /Users/varvara.babkova/.rvm/gems/ruby-2.6.1/gems/actionpack-5.0.7.1/lib/action_dispatch/middleware/templates/rescues/_trace.html.erb (0.8ms)
  Rendering /Users/varvara.babkova/.rvm/gems/ruby-2.6.1/gems/actionpack-5.0.7.1/lib/action_dispatch/middleware/templates/rescues/_request_and_response.html.erb
  Rendered /Users/varvara.babkova/.rvm/gems/ruby-2.6.1/gems/actionpack-5.0.7.1/lib/action_dispatch/middleware/templates/rescues/_request_and_response.html.erb (0.4ms)
  Rendered /Users/varvara.babkova/.rvm/gems/ruby-2.6.1/gems/actionpack-5.0.7.1/lib/action_dispatch/middleware/templates/rescues/diagnostics.html.erb within rescues/layout (10.3ms)
Started GET "/students/4" for ::1 at 2019-07-21 20:07:22 -0500
Processing by StudentsController#show as HTML
  Parameters: {"id"=>"4"}
  [1m[36mStudent Load (0.1ms)[0m  [1m[34mSELECT  "students".* FROM "students" WHERE "students"."id" = ? LIMIT ?[0m  [["id", 4], ["LIMIT", 1]]
  Rendering students/show.html.erb within layouts/application
  Rendered students/show.html.erb within layouts/application (5.1ms)
Completed 200 OK in 12ms (Views: 7.7ms | ActiveRecord: 0.4ms)


Started GET "/students/new" for ::1 at 2019-07-21 20:07:26 -0500
Processing by StudentsController#new as HTML
  Rendering students/new.html.erb within layouts/application
  Rendered students/new.html.erb within layouts/application (1.6ms)
Completed 200 OK in 9ms (Views: 8.7ms | ActiveRecord: 0.0ms)


Started POST "/students" for ::1 at 2019-07-21 20:07:32 -0500
Processing by StudentsController#create as HTML
  Parameters: {"utf8"=>"✓", "authenticity_token"=>"tpuz9knMl67KCqWesVCZ7jpSK37AJjqt068/+fzQ+WwKC3h6Debgp8Pq035xhLZf3gT2Fskr5N+c3I2saDRJ1w==", "student"=>{"first_name"=>"Varvara", "last_name"=>"Babkova"}, "commit"=>"Create Student"}
  [1m[35m (0.0ms)[0m  [1m[36mbegin transaction[0m
  [1m[35mSQL (0.2ms)[0m  [1m[32mINSERT INTO "students" ("first_name", "last_name", "created_at", "updated_at") VALUES (?, ?, ?, ?)[0m  [["first_name", "Varvara"], ["last_name", "Babkova"], ["created_at", "2019-07-22 01:07:32.595678"], ["updated_at", "2019-07-22 01:07:32.595678"]]
  [1m[35m (0.6ms)[0m  [1m[36mcommit transaction[0m
Redirected to http://localhost:3000/students/5
Completed 302 Found in 2ms (ActiveRecord: 0.9ms)


Started GET "/students/5" for ::1 at 2019-07-21 20:07:32 -0500
Processing by StudentsController#show as HTML
  Parameters: {"id"=>"5"}
  [1m[36mStudent Load (0.1ms)[0m  [1m[34mSELECT  "students".* FROM "students" WHERE "students"."id" = ? LIMIT ?[0m  [["id", 5], ["LIMIT", 1]]
  Rendering students/show.html.erb within layouts/application
  Rendered students/show.html.erb within layouts/application (4.9ms)
Completed 200 OK in 8ms (Views: 7.5ms | ActiveRecord: 0.1ms)


Started GET "/students/" for ::1 at 2019-07-21 20:07:35 -0500
Processing by StudentsController#index as HTML
  Rendering students/index.html.erb within layouts/application
  [1m[36mStudent Load (0.1ms)[0m  [1m[34mSELECT "students".* FROM "students"[0m
  Rendered students/index.html.erb within layouts/application (6.8ms)
Completed 200 OK in 11ms (Views: 9.9ms | ActiveRecord: 0.1ms)


Started GET "/students/5" for ::1 at 2019-07-21 20:07:37 -0500
Processing by StudentsController#show as HTML
  Parameters: {"id"=>"5"}
  [1m[36mStudent Load (0.1ms)[0m  [1m[34mSELECT  "students".* FROM "students" WHERE "students"."id" = ? LIMIT ?[0m  [["id", 5], ["LIMIT", 1]]
  Rendering students/show.html.erb within layouts/application
  Rendered students/show.html.erb within layouts/application (6.2ms)
Completed 200 OK in 11ms (Views: 10.1ms | ActiveRecord: 0.1ms)


Started GET "/students/5/edit" for ::1 at 2019-07-21 20:14:54 -0500
Processing by StudentsController#edit as HTML
  Parameters: {"id"=>"5"}
  [1m[36mStudent Load (0.1ms)[0m  [1m[34mSELECT  "students".* FROM "students" WHERE "students"."id" = ? LIMIT ?[0m  [["id", 5], ["LIMIT", 1]]
  Rendering students/edit.html.erb within layouts/application
  Rendered students/edit.html.erb within layouts/application (0.2ms)
Completed 200 OK in 13ms (Views: 7.5ms | ActiveRecord: 0.6ms)


Started GET "/students" for ::1 at 2019-07-21 20:15:11 -0500
Processing by StudentsController#index as HTML
  Rendering students/index.html.erb within layouts/application
  [1m[36mStudent Load (0.1ms)[0m  [1m[34mSELECT "students".* FROM "students"[0m
  Rendered students/index.html.erb within layouts/application (6.1ms)
Completed 200 OK in 10ms (Views: 8.8ms | ActiveRecord: 0.1ms)


Started GET "/school_classes/" for ::1 at 2019-07-21 20:15:15 -0500
Processing by SchoolClassesController#index as HTML
  Rendering school_classes/index.html.erb within layouts/application
  [1m[36mSchoolClass Load (0.1ms)[0m  [1m[34mSELECT "school_classes".* FROM "school_classes"[0m
  Rendered school_classes/index.html.erb within layouts/application (9.9ms)
Completed 200 OK in 15ms (Views: 12.8ms | ActiveRecord: 0.4ms)


Started GET "/school_classes/1" for ::1 at 2019-07-21 20:15:17 -0500
Processing by SchoolClassesController#show as HTML
  Parameters: {"id"=>"1"}
  [1m[36mSchoolClass Load (0.1ms)[0m  [1m[34mSELECT  "school_classes".* FROM "school_classes" WHERE "school_classes"."id" = ? LIMIT ?[0m  [["id", 1], ["LIMIT", 1]]
  Rendering school_classes/show.html.erb within layouts/application
  Rendered school_classes/show.html.erb within layouts/application (7.8ms)
Completed 200 OK in 13ms (Views: 11.1ms | ActiveRecord: 0.1ms)


Started GET "/school_classes/1/edit" for ::1 at 2019-07-21 20:15:22 -0500
Processing by SchoolClassesController#edit as HTML
  Parameters: {"id"=>"1"}
  [1m[36mSchoolClass Load (0.1ms)[0m  [1m[34mSELECT  "school_classes".* FROM "school_classes" WHERE "school_classes"."id" = ? LIMIT ?[0m  [["id", 1], ["LIMIT", 1]]
  Rendering school_classes/edit.html.erb within layouts/application
  Rendered school_classes/edit.html.erb within layouts/application (2.6ms)
Completed 200 OK in 27ms (Views: 26.4ms | ActiveRecord: 0.1ms)


Started PATCH "/school_classes/1" for ::1 at 2019-07-21 20:15:26 -0500
Processing by SchoolClassesController#update as HTML
  Parameters: {"utf8"=>"✓", "authenticity_token"=>"zJpR3bXaI9v06gv8uoBcMjOmTPyUhPhOqGSeFxja/J1wCppR8fBU0v0KfRx6VHOD1/CRlJ2JJjznFyxCjD5MJg==", "school_class"=>{"title"=>"Computer Science", "room_number"=>"57"}, "commit"=>"Update School class", "id"=>"1"}
  [1m[36mSchoolClass Load (0.1ms)[0m  [1m[34mSELECT  "school_classes".* FROM "school_classes" WHERE "school_classes"."id" = ? LIMIT ?[0m  [["id", 1], ["LIMIT", 1]]
  [1m[35m (0.0ms)[0m  [1m[36mbegin transaction[0m
  [1m[35mSQL (0.3ms)[0m  [1m[33mUPDATE "school_classes" SET "room_number" = ?, "updated_at" = ? WHERE "school_classes"."id" = ?[0m  [["room_number", "57"], ["updated_at", "2019-07-22 01:15:26.898893"], ["id", 1]]
  [1m[35m (0.8ms)[0m  [1m[36mcommit transaction[0m
Redirected to http://localhost:3000/school_classes/1
Completed 302 Found in 3ms (ActiveRecord: 1.2ms)


Started GET "/school_classes/1" for ::1 at 2019-07-21 20:15:26 -0500
Processing by SchoolClassesController#show as HTML
  Parameters: {"id"=>"1"}
  [1m[36mSchoolClass Load (0.1ms)[0m  [1m[34mSELECT  "school_classes".* FROM "school_classes" WHERE "school_classes"."id" = ? LIMIT ?[0m  [["id", 1], ["LIMIT", 1]]
  Rendering school_classes/show.html.erb within layouts/application
  Rendered school_classes/show.html.erb within layouts/application (6.7ms)
Completed 200 OK in 11ms (Views: 9.9ms | ActiveRecord: 0.1ms)


